<?xml version="1.0" encoding="UTF-8"?>
<!-- Generated by org.testng.reporters.JUnitXMLReporter -->
<testsuite ignored="0" hostname="INLEN8520065964" failures="0" tests="3" name="Default test" time="0.07" errors="0" timestamp="2023-08-30T13:59:16 IST">
  <testcase classname="TestNg.DataProvider1" name="login" time="0.009"/>
  <testcase classname="TestNg.DataProvider1" name="login" time="0.001"/>
  <testcase classname="TestNg.DataProvider1" name="login" time="0.001"/>
</testsuite> <!-- Default test -->
