<?xml version="1.0" encoding="UTF-8"?>
<!-- Generated by org.testng.reporters.JUnitXMLReporter -->
<testsuite ignored="2" hostname="INLEN8520065964" failures="0" tests="6"
	name="carLoan" time="0.017" errors="0" timestamp="2023-09-02T15:41:06 IST">
	<testcase classname="TestNg.Day4" name="MobilesignIn" time="0.001" />
	<testcase classname="TestNg.Day4" name="APIRestLogin" time="0.001" />
	<testcase classname="TestNg.Day4" name="MobileLoginCarLoan" time="0.001" />
	<testcase classname="TestNg.Day4" name="carloan" time="0.0" />
	<testcase classname="TestNg.Day4" name="webLoginCarLoan" time="0.001" />
	<testcase classname="TestNg.Day4" name="MobileSignout" time="0.001" />
	<testcase classname="TestNg.Day4" name="MobileLogin" time="0.0">
		<ignored />
	</testcase> <!-- MobileLogin -->
	<testcase classname="TestNg.Day4" name="MobileLogout" time="0.0">
		<ignored />
	</testcase> <!-- MobileLogout -->
</testsuite> <!-- carLoan -->
