<?xml version="1.0" encoding="UTF-8"?>
<!-- Generated by org.testng.reporters.JUnitXMLReporter -->
<testsuite ignored="0" hostname="INLEN8520065964" failures="0" tests="3"
	name="PersonalLoan" time="0.069" errors="0"
	timestamp="2023-08-28T12:41:48 IST">
	<testcase classname="TestNg.Day1" name="WebLoginCarloan" time="0.008" />
	<testcase classname="TestNg.Day1" name="carLoan" time="0.001" />
	<testcase classname="TestNg.Day2" name="personalLoan" time="0.002" />
</testsuite> <!--
PersonalLoan -->
