<?xml version="1.0" encoding="UTF-8"?>
<!-- Generated by org.testng.reporters.JUnitXMLReporter -->
<testsuite ignored="1" hostname="INLEN8520065964" failures="0" tests="3" name="Test1" time="0.008" errors="0" timestamp="2023-08-28T17:16:52 IST">
  <testcase classname="TestNg.Day4" name="APIRestLogin" time="0.001"/>
  <testcase classname="TestNg.Day4" name="carloan" time="0.001"/>
  <testcase classname="TestNg.Day4" name="webLoginCarLoan" time="0.001"/>
  <testcase classname="TestNg.Day4" name="MobileLoginCarLoan" time="0.0">
    <ignored/>
  </testcase> <!-- MobileLoginCarLoan -->
</testsuite> <!-- Test1 -->
