<?xml version="1.0" encoding="UTF-8"?>
<!-- Generated by org.testng.reporters.JUnitXMLReporter -->
<testsuite ignored="0" hostname="INLEN8520065964" failures="0" tests="11" name="Test" time="0.105" errors="0" timestamp="2023-08-29T11:36:35 IST">
  <testcase classname="TestNg.Day1" name="WebLoginpersonalloan" time="0.009"/>
  <testcase classname="TestNg.Day1" name="personalLoan" time="0.002"/>
  <testcase classname="TestNg.Day2" name="personalLoan" time="0.002"/>
  <testcase classname="TestNg.Day3" name="HomeLoan" time="0.001"/>
  <testcase classname="TestNg.Day3" name="webLoginHomeLoan" time="0.002"/>
  <testcase classname="TestNg.Day4" name="APIRestLogin" time="0.001"/>
  <testcase classname="TestNg.Day4" name="MobileLogin" time="0.001"/>
  <testcase classname="TestNg.Day4" name="MobileLoginCarLoan" time="0.001"/>
  <testcase classname="TestNg.Day4" name="MobileLogout" time="0.001"/>
  <testcase classname="TestNg.Day4" name="carloan" time="0.002"/>
  <testcase classname="TestNg.Day4" name="webLoginCarLoan" time="0.002"/>
</testsuite> <!-- Test -->
