<?xml version="1.0" encoding="UTF-8"?>
<!-- Generated by org.testng.reporters.JUnitXMLReporter -->
<testsuite ignored="0" hostname="INLEN8520065964" failures="0" tests="3"
	name="PersonalLoan" time="0.044" errors="0"
	timestamp="2023-08-28T12:46:39 IST">
	<testcase classname="TestNg.Day1" name="WebLoginpersonalloan" time="0.006" />
	<testcase classname="TestNg.Day1" name="personalLoan" time="0.001" />
	<testcase classname="TestNg.Day2" name="personalLoan" time="0.002" />
</testsuite> <!--
PersonalLoan -->
