<?xml version="1.0" encoding="UTF-8"?>
<testng-results ignored="0" total="2" passed="2" failed="0" skipped="0">
  <reporter-output>
  </reporter-output>
  <suite started-at="2023-08-27T23:27:50 IST" name="Default suite" finished-at="2023-08-27T23:28:02 IST" duration-ms="12331">
    <groups>
    </groups>
    <test started-at="2023-08-27T23:27:50 IST" name="Default test" finished-at="2023-08-27T23:28:02 IST" duration-ms="12331">
      <class name="com.qa.TestClass.Test1">
        <test-method is-config="true" signature="initializeBrowser()[pri:0, instance:com.qa.TestClass.Test1@3f191845]" started-at="2023-08-27T23:27:50 IST" name="initializeBrowser" finished-at="2023-08-27T23:27:56 IST" duration-ms="5621" status="PASS">
          <reporter-output>
          </reporter-output>
        </test-method> <!-- initializeBrowser -->
        <test-method is-config="true" signature="openBrowser()[pri:0, instance:com.qa.TestClass.Test1@3f191845]" started-at="2023-08-27T23:27:56 IST" name="openBrowser" finished-at="2023-08-27T23:27:56 IST" duration-ms="40" status="PASS">
          <reporter-output>
          </reporter-output>
        </test-method> <!-- openBrowser -->
        <test-method is-config="true" signature="login()[pri:0, instance:com.qa.TestClass.Test1@3f191845]" started-at="2023-08-27T23:27:56 IST" name="login" finished-at="2023-08-27T23:27:58 IST" duration-ms="1790" status="PASS">
          <reporter-output>
          </reporter-output>
        </test-method> <!-- login -->
        <test-method signature="validateEmailId()[pri:1, instance:com.qa.TestClass.Test1@3f191845]" started-at="2023-08-27T23:27:58 IST" name="validateEmailId" finished-at="2023-08-27T23:27:58 IST" duration-ms="708" status="PASS">
          <reporter-output>
          </reporter-output>
        </test-method> <!-- validateEmailId -->
        <test-method is-config="true" signature="captureScreenshot(org.testng.ITestResult)[pri:0, instance:com.qa.TestClass.Test1@3f191845]" started-at="2023-08-27T23:27:58 IST" name="captureScreenshot" finished-at="2023-08-27T23:27:59 IST" duration-ms="1128" status="PASS">
          <params>
            <param index="0">
              <value>
                <![CDATA[[TestResult name=validateEmailId status=SUCCESS method=Test1.validateEmailId()[pri:1, instance:com.qa.TestClass.Test1@3f191845] output={null}]]]>
              </value>
            </param>
          </params>
          <reporter-output>
          </reporter-output>
        </test-method> <!-- captureScreenshot -->
        <test-method is-config="true" signature="login()[pri:0, instance:com.qa.TestClass.Test1@3f191845]" started-at="2023-08-27T23:27:59 IST" name="login" finished-at="2023-08-27T23:28:01 IST" duration-ms="1415" status="PASS">
          <reporter-output>
          </reporter-output>
        </test-method> <!-- login -->
        <test-method signature="validateTitle()[pri:2, instance:com.qa.TestClass.Test1@3f191845]" started-at="2023-08-27T23:28:01 IST" name="validateTitle" finished-at="2023-08-27T23:28:01 IST" duration-ms="81" status="PASS">
          <reporter-output>
          </reporter-output>
        </test-method> <!-- validateTitle -->
        <test-method is-config="true" signature="captureScreenshot(org.testng.ITestResult)[pri:0, instance:com.qa.TestClass.Test1@3f191845]" started-at="2023-08-27T23:28:01 IST" name="captureScreenshot" finished-at="2023-08-27T23:28:02 IST" duration-ms="1278" status="PASS">
          <params>
            <param index="0">
              <value>
                <![CDATA[[TestResult name=validateTitle status=SUCCESS method=Test1.validateTitle()[pri:2, instance:com.qa.TestClass.Test1@3f191845] output={null}]]]>
              </value>
            </param>
          </params>
          <reporter-output>
          </reporter-output>
        </test-method> <!-- captureScreenshot -->
        <test-method is-config="true" signature="closeBrowser()[pri:0, instance:com.qa.TestClass.Test1@3f191845]" started-at="2023-08-27T23:28:02 IST" name="closeBrowser" finished-at="2023-08-27T23:28:02 IST" duration-ms="205" status="PASS">
          <reporter-output>
          </reporter-output>
        </test-method> <!-- closeBrowser -->
      </class> <!-- com.qa.TestClass.Test1 -->
    </test> <!-- Default test -->
  </suite> <!-- Default suite -->
</testng-results>
