<?xml version="1.0" encoding="UTF-8"?>
<testng-results ignored="0" total="3" passed="3" failed="0" skipped="0">
  <reporter-output>
  </reporter-output>
  <suite started-at="2023-08-30T13:59:16 IST" name="Default suite" finished-at="2023-08-30T13:59:16 IST" duration-ms="70">
    <groups>
    </groups>
    <test started-at="2023-08-30T13:59:16 IST" name="Default test" finished-at="2023-08-30T13:59:16 IST" duration-ms="70">
      <class name="TestNg.DataProvider1">
        <test-method signature="login(java.lang.String,java.lang.String)[pri:0, instance:TestNg.DataProvider1@2e8c1c9b]" started-at="2023-08-30T13:59:16 IST" name="login" data-provider="getData" finished-at="2023-08-30T13:59:16 IST" duration-ms="9" status="PASS">
          <params>
            <param index="0">
              <value>
                <![CDATA[user1]]>
              </value>
            </param>
            <param index="1">
              <value>
                <![CDATA[password]]>
              </value>
            </param>
          </params>
          <reporter-output>
          </reporter-output>
        </test-method> <!-- login -->
        <test-method signature="login(java.lang.String,java.lang.String)[pri:0, instance:TestNg.DataProvider1@2e8c1c9b]" started-at="2023-08-30T13:59:16 IST" name="login" data-provider="getData" finished-at="2023-08-30T13:59:16 IST" duration-ms="1" status="PASS">
          <params>
            <param index="0">
              <value>
                <![CDATA[user2]]>
              </value>
            </param>
            <param index="1">
              <value>
                <![CDATA[password2]]>
              </value>
            </param>
          </params>
          <reporter-output>
          </reporter-output>
        </test-method> <!-- login -->
        <test-method signature="login(java.lang.String,java.lang.String)[pri:0, instance:TestNg.DataProvider1@2e8c1c9b]" started-at="2023-08-30T13:59:16 IST" name="login" data-provider="getData" finished-at="2023-08-30T13:59:16 IST" duration-ms="1" status="PASS">
          <params>
            <param index="0">
              <value>
                <![CDATA[user3]]>
              </value>
            </param>
            <param index="1">
              <value>
                <![CDATA[passowrd3]]>
              </value>
            </param>
          </params>
          <reporter-output>
          </reporter-output>
        </test-method> <!-- login -->
      </class> <!-- TestNg.DataProvider1 -->
    </test> <!-- Default test -->
  </suite> <!-- Default suite -->
</testng-results>
