<?xml version="1.0" encoding="UTF-8"?>
<!-- Generated by org.testng.reporters.JUnitXMLReporter -->
<testsuite ignored="0" hostname="INLEN8520065964" failures="0" tests="4" name="Test" time="0.084" errors="0" timestamp="2023-08-28T16:22:52 IST">
  <testcase classname="TestNg.Day4" name="APIRestLogin" time="0.011"/>
  <testcase classname="TestNg.Day4" name="MobileLoginCarLoan" time="0.002"/>
  <testcase classname="TestNg.Day4" name="carloan" time="0.001"/>
  <testcase classname="TestNg.Day4" name="webLoginCarLoan" time="0.002"/>
</testsuite> <!-- Test -->
